cl : command line  warning D9035: option 'Gm' has been deprecated and will be removed in a future release
  toolbar.cpp
C:\C++ Project\Mohamad's PROJ\gameConfig.h(43,23): warning C4244: 'initializing': conversion from 'double' to 'int', possible loss of data
  (compiling source file 'toolbar.cpp')
  
C:\C++ Project\Mohamad's PROJ\gameConfig.h(44,24): warning C4244: 'initializing': conversion from 'double' to 'int', possible loss of data
  (compiling source file 'toolbar.cpp')
  
  main.cpp
C:\C++ Project\Mohamad's PROJ\gameConfig.h(43,23): warning C4244: 'initializing': conversion from 'double' to 'int', possible loss of data
  (compiling source file 'main.cpp')
  
C:\C++ Project\Mohamad's PROJ\gameConfig.h(44,24): warning C4244: 'initializing': conversion from 'double' to 'int', possible loss of data
  (compiling source file 'main.cpp')
  
  grid.cpp
C:\C++ Project\Mohamad's PROJ\gameConfig.h(43,23): warning C4244: 'initializing': conversion from 'double' to 'int', possible loss of data
  (compiling source file 'grid.cpp')
  
C:\C++ Project\Mohamad's PROJ\gameConfig.h(44,24): warning C4244: 'initializing': conversion from 'double' to 'int', possible loss of data
  (compiling source file 'grid.cpp')
  
C:\C++ Project\Mohamad's PROJ\grid.cpp(37,74): warning C4244: 'argument': conversion from 'double' to 'const int', possible loss of data
C:\C++ Project\Mohamad's PROJ\grid.cpp(37,55): warning C4244: 'argument': conversion from 'double' to 'const int', possible loss of data
C:\C++ Project\Mohamad's PROJ\grid.cpp(37,41): warning C4244: 'argument': conversion from 'const double' to 'const int', possible loss of data
C:\C++ Project\Mohamad's PROJ\grid.cpp(37,30): warning C4244: 'argument': conversion from 'const double' to 'const int', possible loss of data
C:\C++ Project\Mohamad's PROJ\grid.cpp(76,69): warning C4244: 'argument': conversion from 'double' to 'const int', possible loss of data
C:\C++ Project\Mohamad's PROJ\grid.cpp(77,68): warning C4244: 'argument': conversion from 'double' to 'const int', possible loss of data
C:\C++ Project\Mohamad's PROJ\grid.cpp(99,70): warning C4244: 'argument': conversion from 'double' to 'const int', possible loss of data
  game.cpp
C:\C++ Project\Mohamad's PROJ\gameConfig.h(43,23): warning C4244: 'initializing': conversion from 'double' to 'int', possible loss of data
  (compiling source file 'game.cpp')
  
C:\C++ Project\Mohamad's PROJ\gameConfig.h(44,24): warning C4244: 'initializing': conversion from 'double' to 'int', possible loss of data
  (compiling source file 'game.cpp')
  
C:\C++ Project\Mohamad's PROJ\game.cpp(56,40): warning C4838: conversion from 'int' to 'double' requires a narrowing conversion
C:\C++ Project\Mohamad's PROJ\game.cpp(206,24): warning C4244: 'argument': conversion from 'int' to 'float', possible loss of data
C:\C++ Project\Mohamad's PROJ\game.cpp(209,23): warning C4244: 'argument': conversion from 'int' to 'float', possible loss of data
C:\C++ Project\Mohamad's PROJ\game.cpp(212,21): warning C4244: 'argument': conversion from 'int' to 'float', possible loss of data
C:\C++ Project\Mohamad's PROJ\game.cpp(215,21): warning C4244: 'argument': conversion from 'int' to 'float', possible loss of data
  shape.cpp
C:\C++ Project\Mohamad's PROJ\gameConfig.h(43,23): warning C4244: 'initializing': conversion from 'double' to 'int', possible loss of data
  (compiling source file 'shape.cpp')
  
C:\C++ Project\Mohamad's PROJ\gameConfig.h(44,24): warning C4244: 'initializing': conversion from 'double' to 'int', possible loss of data
  (compiling source file 'shape.cpp')
  
  operations.cpp
C:\C++ Project\Mohamad's PROJ\gameConfig.h(43,23): warning C4244: 'initializing': conversion from 'double' to 'int', possible loss of data
  (compiling source file 'operations.cpp')
  
C:\C++ Project\Mohamad's PROJ\gameConfig.h(44,24): warning C4244: 'initializing': conversion from 'double' to 'int', possible loss of data
  (compiling source file 'operations.cpp')
  
C:\C++ Project\Mohamad's PROJ\operations.cpp(113,25): warning C4838: conversion from 'int' to 'double' requires a narrowing conversion
C:\C++ Project\Mohamad's PROJ\operations.cpp(113,31): warning C4838: conversion from 'int' to 'double' requires a narrowing conversion
C:\C++ Project\Mohamad's PROJ\operations.cpp(133,25): warning C4838: conversion from 'int' to 'double' requires a narrowing conversion
C:\C++ Project\Mohamad's PROJ\operations.cpp(133,31): warning C4838: conversion from 'int' to 'double' requires a narrowing conversion
C:\C++ Project\Mohamad's PROJ\operations.cpp(160,26): warning C4838: conversion from 'int' to 'double' requires a narrowing conversion
C:\C++ Project\Mohamad's PROJ\operations.cpp(160,32): warning C4838: conversion from 'int' to 'double' requires a narrowing conversion
C:\C++ Project\Mohamad's PROJ\operations.cpp(183,25): warning C4838: conversion from 'int' to 'double' requires a narrowing conversion
C:\C++ Project\Mohamad's PROJ\operations.cpp(183,31): warning C4838: conversion from 'int' to 'double' requires a narrowing conversion
C:\C++ Project\Mohamad's PROJ\operations.cpp(205,27): warning C4838: conversion from 'int' to 'double' requires a narrowing conversion
C:\C++ Project\Mohamad's PROJ\operations.cpp(205,33): warning C4838: conversion from 'int' to 'double' requires a narrowing conversion
C:\C++ Project\Mohamad's PROJ\operations.cpp(223,25): warning C4838: conversion from 'int' to 'double' requires a narrowing conversion
C:\C++ Project\Mohamad's PROJ\operations.cpp(223,31): warning C4838: conversion from 'int' to 'double' requires a narrowing conversion
C:\C++ Project\Mohamad's PROJ\operations.cpp(266,26): warning C4838: conversion from 'int' to 'double' requires a narrowing conversion
C:\C++ Project\Mohamad's PROJ\operations.cpp(266,32): warning C4838: conversion from 'int' to 'double' requires a narrowing conversion
C:\C++ Project\Mohamad's PROJ\operations.cpp(290,24): warning C4838: conversion from 'int' to 'double' requires a narrowing conversion
C:\C++ Project\Mohamad's PROJ\operations.cpp(290,30): warning C4838: conversion from 'int' to 'double' requires a narrowing conversion
  CompositeShapes.cpp
C:\C++ Project\Mohamad's PROJ\gameConfig.h(43,23): warning C4244: 'initializing': conversion from 'double' to 'int', possible loss of data
  (compiling source file 'CompositeShapes.cpp')
  
C:\C++ Project\Mohamad's PROJ\gameConfig.h(44,24): warning C4244: 'initializing': conversion from 'double' to 'int', possible loss of data
  (compiling source file 'CompositeShapes.cpp')
  
C:\C++ Project\Mohamad's PROJ\CompositeShapes.cpp(12,76): warning C4244: 'argument': conversion from 'int' to 'float', possible loss of data
C:\C++ Project\Mohamad's PROJ\CompositeShapes.cpp(12,48): warning C4244: 'argument': conversion from 'int' to 'float', possible loss of data
C:\C++ Project\Mohamad's PROJ\CompositeShapes.cpp(13,79): warning C4244: 'argument': conversion from 'int' to 'float', possible loss of data
C:\C++ Project\Mohamad's PROJ\CompositeShapes.cpp(13,50): warning C4244: 'argument': conversion from 'int' to 'float', possible loss of data
C:\C++ Project\Mohamad's PROJ\CompositeShapes.cpp(76,50): warning C4244: 'argument': conversion from 'int' to 'float', possible loss of data
C:\C++ Project\Mohamad's PROJ\CompositeShapes.cpp(77,41): warning C4244: 'argument': conversion from 'int' to 'float', possible loss of data
C:\C++ Project\Mohamad's PROJ\CompositeShapes.cpp(78,52): warning C4244: 'argument': conversion from 'int' to 'float', possible loss of data
C:\C++ Project\Mohamad's PROJ\CompositeShapes.cpp(179,54): warning C4244: 'argument': conversion from 'int' to 'float', possible loss of data
C:\C++ Project\Mohamad's PROJ\CompositeShapes.cpp(180,55): warning C4244: 'argument': conversion from 'int' to 'float', possible loss of data
C:\C++ Project\Mohamad's PROJ\CompositeShapes.cpp(181,57): warning C4244: 'argument': conversion from 'int' to 'float', possible loss of data
C:\C++ Project\Mohamad's PROJ\CompositeShapes.cpp(254,51): warning C4244: 'argument': conversion from 'int' to 'float', possible loss of data
C:\C++ Project\Mohamad's PROJ\CompositeShapes.cpp(255,86): warning C4244: 'argument': conversion from 'int' to 'float', possible loss of data
C:\C++ Project\Mohamad's PROJ\CompositeShapes.cpp(255,51): warning C4244: 'argument': conversion from 'int' to 'float', possible loss of data
C:\C++ Project\Mohamad's PROJ\CompositeShapes.cpp(256,52): warning C4244: 'argument': conversion from 'int' to 'float', possible loss of data
C:\C++ Project\Mohamad's PROJ\CompositeShapes.cpp(342,77): warning C4244: 'argument': conversion from 'int' to 'float', possible loss of data
C:\C++ Project\Mohamad's PROJ\CompositeShapes.cpp(342,44): warning C4244: 'argument': conversion from 'int' to 'float', possible loss of data
C:\C++ Project\Mohamad's PROJ\CompositeShapes.cpp(343,48): warning C4244: 'argument': conversion from 'int' to 'float', possible loss of data
C:\C++ Project\Mohamad's PROJ\CompositeShapes.cpp(344,48): warning C4244: 'argument': conversion from 'int' to 'float', possible loss of data
C:\C++ Project\Mohamad's PROJ\CompositeShapes.cpp(345,48): warning C4244: 'argument': conversion from 'int' to 'float', possible loss of data
C:\C++ Project\Mohamad's PROJ\CompositeShapes.cpp(452,46): warning C4244: 'argument': conversion from 'int' to 'float', possible loss of data
  windowinput.cpp
  mousequeue.cpp
  keyqueue.cpp
  image.cpp
C:\C++ Project\Mohamad's PROJ\CMUgraphicsLib\image.cpp(115,29): warning C4018: '<': signed/unsigned mismatch
  CMUgraphics.cpp
C:\C++ Project\Mohamad's PROJ\CMUgraphicsLib\CMUgraphics.cpp(257,9): warning C4101: 'iX': unreferenced local variable
C:\C++ Project\Mohamad's PROJ\CMUgraphicsLib\CMUgraphics.cpp(257,13): warning C4101: 'iY': unreferenced local variable
C:\C++ Project\Mohamad's PROJ\CMUgraphicsLib\CMUgraphics.cpp(751,3): warning C4996: 'strcpy': This function or variable may be unsafe. Consider using strcpy_s instead. To disable deprecation, use _CRT_SECURE_NO_WARNINGS. See online help for details.
C:\C++ Project\Mohamad's PROJ\CMUgraphicsLib\CMUgraphics.cpp(1164,2): warning C4996: 'sprintf': This function or variable may be unsafe. Consider using sprintf_s instead. To disable deprecation, use _CRT_SECURE_NO_WARNINGS. See online help for details.
C:\C++ Project\Mohamad's PROJ\CMUgraphicsLib\CMUgraphics.cpp(1171,2): warning C4996: 'sprintf': This function or variable may be unsafe. Consider using sprintf_s instead. To disable deprecation, use _CRT_SECURE_NO_WARNINGS. See online help for details.
C:\C++ Project\Mohamad's PROJ\CMUgraphicsLib\CMUgraphics.cpp(1202,2): warning C4996: 'sprintf': This function or variable may be unsafe. Consider using sprintf_s instead. To disable deprecation, use _CRT_SECURE_NO_WARNINGS. See online help for details.
C:\C++ Project\Mohamad's PROJ\CMUgraphicsLib\CMUgraphics.cpp(1210,2): warning C4996: 'sprintf': This function or variable may be unsafe. Consider using sprintf_s instead. To disable deprecation, use _CRT_SECURE_NO_WARNINGS. See online help for details.
C:\C++ Project\Mohamad's PROJ\CMUgraphicsLib\CMUgraphics.cpp(1357,23): warning C4018: '>': signed/unsigned mismatch
  auxil.cpp
  BasicShapes.cpp
C:\C++ Project\Mohamad's PROJ\gameConfig.h(43,23): warning C4244: 'initializing': conversion from 'double' to 'int', possible loss of data
  (compiling source file 'BasicShapes.cpp')
  
C:\C++ Project\Mohamad's PROJ\gameConfig.h(44,24): warning C4244: 'initializing': conversion from 'double' to 'int', possible loss of data
  (compiling source file 'BasicShapes.cpp')
  
C:\C++ Project\Mohamad's PROJ\BasicShapes.cpp(66,72): warning C4244: 'argument': conversion from 'double' to 'const int', possible loss of data
C:\C++ Project\Mohamad's PROJ\BasicShapes.cpp(66,57): warning C4244: 'argument': conversion from 'double' to 'const int', possible loss of data
C:\C++ Project\Mohamad's PROJ\BasicShapes.cpp(66,42): warning C4244: 'argument': conversion from 'double' to 'const int', possible loss of data
C:\C++ Project\Mohamad's PROJ\BasicShapes.cpp(66,29): warning C4244: 'argument': conversion from 'double' to 'const int', possible loss of data
C:\C++ Project\Mohamad's PROJ\BasicShapes.cpp(73,11): warning C4244: 'initializing': conversion from 'float' to 'int', possible loss of data
C:\C++ Project\Mohamad's PROJ\BasicShapes.cpp(75,9): warning C4244: '=': conversion from 'int' to 'float', possible loss of data
C:\C++ Project\Mohamad's PROJ\BasicShapes.cpp(108,41): warning C4244: 'argument': conversion from 'const float' to 'const int', possible loss of data
C:\C++ Project\Mohamad's PROJ\BasicShapes.cpp(108,37): warning C4244: 'argument': conversion from 'const double' to 'const int', possible loss of data
C:\C++ Project\Mohamad's PROJ\BasicShapes.cpp(108,25): warning C4244: 'argument': conversion from 'const double' to 'const int', possible loss of data
C:\C++ Project\Mohamad's PROJ\BasicShapes.cpp(135,13): warning C4244: 'initializing': conversion from 'double' to 'float', possible loss of data
C:\C++ Project\Mohamad's PROJ\BasicShapes.cpp(150,14): warning C4244: 'initializing': conversion from 'float' to 'int', possible loss of data
C:\C++ Project\Mohamad's PROJ\BasicShapes.cpp(164,45): warning C4244: 'argument': conversion from 'const double' to 'const int', possible loss of data
C:\C++ Project\Mohamad's PROJ\BasicShapes.cpp(164,40): warning C4244: 'argument': conversion from 'const double' to 'const int', possible loss of data
C:\C++ Project\Mohamad's PROJ\BasicShapes.cpp(164,35): warning C4244: 'argument': conversion from 'const double' to 'const int', possible loss of data
C:\C++ Project\Mohamad's PROJ\BasicShapes.cpp(164,30): warning C4244: 'argument': conversion from 'const double' to 'const int', possible loss of data
C:\C++ Project\Mohamad's PROJ\BasicShapes.cpp(164,25): warning C4244: 'argument': conversion from 'const double' to 'const int', possible loss of data
C:\C++ Project\Mohamad's PROJ\BasicShapes.cpp(164,20): warning C4244: 'argument': conversion from 'const double' to 'const int', possible loss of data
C:\C++ Project\Mohamad's PROJ\BasicShapes.cpp(170,13): warning C4244: 'initializing': conversion from 'double' to 'float', possible loss of data
C:\C++ Project\Mohamad's PROJ\BasicShapes.cpp(182,14): warning C4244: 'initializing': conversion from 'float' to 'int', possible loss of data
C:\C++ Project\Mohamad's PROJ\BasicShapes.cpp(192,14): warning C4244: 'initializing': conversion from 'double' to 'float', possible loss of data
C:\C++ Project\Mohamad's PROJ\BasicShapes.cpp(198,13): warning C4244: 'initializing': conversion from 'double' to 'float', possible loss of data
C:\C++ Project\Mohamad's PROJ\BasicShapes.cpp(242,13): warning C4244: 'initializing': conversion from 'double' to 'float', possible loss of data
C:\C++ Project\Mohamad's PROJ\BasicShapes.cpp(258,14): warning C4244: 'initializing': conversion from 'float' to 'int', possible loss of data
C:\C++ Project\Mohamad's PROJ\BasicShapes.cpp(272,13): warning C4244: 'initializing': conversion from 'double' to 'float', possible loss of data
C:\C++ Project\Mohamad's PROJ\BasicShapes.cpp(284,14): warning C4244: 'initializing': conversion from 'float' to 'int', possible loss of data
C:\C++ Project\Mohamad's PROJ\BasicShapes.cpp(294,45): warning C4244: 'argument': conversion from 'const double' to 'const int', possible loss of data
C:\C++ Project\Mohamad's PROJ\BasicShapes.cpp(294,40): warning C4244: 'argument': conversion from 'const double' to 'const int', possible loss of data
C:\C++ Project\Mohamad's PROJ\BasicShapes.cpp(294,35): warning C4244: 'argument': conversion from 'const double' to 'const int', possible loss of data
C:\C++ Project\Mohamad's PROJ\BasicShapes.cpp(294,30): warning C4244: 'argument': conversion from 'const double' to 'const int', possible loss of data
C:\C++ Project\Mohamad's PROJ\BasicShapes.cpp(294,25): warning C4244: 'argument': conversion from 'const double' to 'const int', possible loss of data
C:\C++ Project\Mohamad's PROJ\BasicShapes.cpp(294,20): warning C4244: 'argument': conversion from 'const double' to 'const int', possible loss of data
C:\C++ Project\Mohamad's PROJ\BasicShapes.cpp(301,14): warning C4244: 'initializing': conversion from 'double' to 'float', possible loss of data
C:\C++ Project\Mohamad's PROJ\BasicShapes.cpp(307,13): warning C4244: 'initializing': conversion from 'double' to 'float', possible loss of data
  Generating Code...
cl : command line  warning D9035: option 'Gm' has been deprecated and will be removed in a future release
  jutils.c
  jquant2.c
  jquant1.c
  jmemnobs.c
  jmemmgr.c
C:\C++ Project\Mohamad's PROJ\CMUgraphicsLib\jpeg\jmemmgr.c(1103,19): warning C4996: 'getenv': This function or variable may be unsafe. Consider using _dupenv_s instead. To disable deprecation, use _CRT_SECURE_NO_WARNINGS. See online help for details.
C:\C++ Project\Mohamad's PROJ\CMUgraphicsLib\jpeg\jmemmgr.c(1106,11): warning C4996: 'sscanf': This function or variable may be unsafe. Consider using sscanf_s instead. To disable deprecation, use _CRT_SECURE_NO_WARNINGS. See online help for details.
  jidctred.c
  jidctint.c
  jidctfst.c
  jidctflt.c
  jerror.c
C:\C++ Project\Mohamad's PROJ\CMUgraphicsLib\jpeg\jerror.c(169,5): warning C4996: 'sprintf': This function or variable may be unsafe. Consider using sprintf_s instead. To disable deprecation, use _CRT_SECURE_NO_WARNINGS. See online help for details.
C:\C++ Project\Mohamad's PROJ\CMUgraphicsLib\jpeg\jerror.c(171,5): warning C4996: 'sprintf': This function or variable may be unsafe. Consider using sprintf_s instead. To disable deprecation, use _CRT_SECURE_NO_WARNINGS. See online help for details.
  jdtrans.c
  jdsample.c
  jdpostct.c
  jdphuff.c
  jdmerge.c
  jdmaster.c
  jdmarker.c
  jdmainct.c
  jdinput.c
  jdhuff.c
  Generating Code...
  Compiling...
  jddctmgr.c
  jdcolor.c
  jdcoefct.c
  jdatasrc.c
  jdapistd.c
  jdapimin.c
  jcparam.c
  jcomapi.c
  jpegload.c
C:\C++ Project\Mohamad's PROJ\CMUgraphicsLib\jpegload.c(23,12): warning C4996: 'fopen': This function or variable may be unsafe. Consider using fopen_s instead. To disable deprecation, use _CRT_SECURE_NO_WARNINGS. See online help for details.
  Generating Code...
BasicShapes.obj : warning LNK4075: ignoring '/EDITANDCONTINUE' due to '/SAFESEH' specification
  CIE202-project.vcxproj -> C:\C++ Project\Mohamad's PROJ\Debug\CIE202-project.exe
